<?xml version="1.0" encoding="UTF-8"?>
<!-- Generated by org.testng.reporters.JUnitReportReporter -->
<testsuite skipped="0" hostname="DESKTOP-Q3OL5F5" name="testCases.Tc015_JavaScriptAlertsTest" tests="1" failures="0" timestamp="23 Feb 2023 18:35:57 GMT" time="5.096" errors="0">
  <testcase name="JavaScriptAlertsTest" time="5.096" classname="testCases.Tc015_JavaScriptAlertsTest"/>
</testsuite> <!-- testCases.Tc015_JavaScriptAlertsTest -->
