<?xml version="1.0" encoding="UTF-8"?>
<!-- Generated by org.testng.reporters.JUnitReportReporter -->
<testsuite skipped="0" hostname="DESKTOP-Q3OL5F5" name="testCases.Tc011_FileUploadTest" tests="1" failures="0" timestamp="23 Feb 2023 18:35:57 GMT" time="0.694" errors="0">
  <testcase name="FileUploadTest" time="0.694" classname="testCases.Tc011_FileUploadTest"/>
</testsuite> <!-- testCases.Tc011_FileUploadTest -->
