<?xml version="1.0" encoding="UTF-8"?>
<!-- Generated by org.testng.reporters.JUnitReportReporter -->
<testsuite skipped="0" hostname="DESKTOP-Q3OL5F5" name="testCases.Tc018_NotificationMessageTest" tests="1" failures="0" timestamp="23 Feb 2023 18:35:57 GMT" time="2.003" errors="0">
  <testcase name="NotificationMessageTest" time="2.003" classname="testCases.Tc018_NotificationMessageTest"/>
</testsuite> <!-- testCases.Tc018_NotificationMessageTest -->
