<?xml version="1.0" encoding="UTF-8"?>
<!-- Generated by org.testng.reporters.JUnitReportReporter -->
<testsuite skipped="0" hostname="DESKTOP-Q3OL5F5" name="testCases.Tc017_windowsTest" tests="1" failures="0" timestamp="23 Feb 2023 18:35:58 GMT" time="0.697" errors="0">
  <testcase name="windowsTest" time="0.697" classname="testCases.Tc017_windowsTest"/>
</testsuite> <!-- testCases.Tc017_windowsTest -->
