<?xml version="1.0" encoding="UTF-8"?>
<!-- Generated by org.testng.reporters.JUnitReportReporter -->
<testsuite skipped="0" hostname="DESKTOP-Q3OL5F5" name="testCases.Tc014_MouseHoverTest" tests="1" failures="0" timestamp="23 Feb 2023 18:35:57 GMT" time="1.156" errors="0">
  <testcase name="MouseHoverTest" time="1.156" classname="testCases.Tc014_MouseHoverTest"/>
</testsuite> <!-- testCases.Tc014_MouseHoverTest -->
