<?xml version="1.0" encoding="UTF-8"?>
<!-- Generated by org.testng.reporters.JUnitReportReporter -->
<testsuite skipped="0" hostname="DESKTOP-Q3OL5F5" name="testCases.Tc008_DynamicControlTest" tests="1" failures="0" timestamp="23 Feb 2023 18:35:58 GMT" time="16.921" errors="0">
  <testcase name="DynamicControlRemoveAdd" time="16.921" classname="testCases.Tc008_DynamicControlTest"/>
</testsuite> <!-- testCases.Tc008_DynamicControlTest -->
